<?xml version="1.0" encoding="UTF-8"?>
<testng-results skipped="0" failed="0" total="1" passed="1">
  <reporter-output>
  </reporter-output>
  <suite name="Default suite" duration-ms="6180" started-at="2017-01-27T11:05:21Z" finished-at="2017-01-27T11:05:27Z">
    <groups>
    </groups>
    <test name="Default test" duration-ms="6180" started-at="2017-01-27T11:05:21Z" finished-at="2017-01-27T11:05:27Z">
      <class name="package2.NewTest">
        <test-method status="PASS" signature="f()[pri:0, instance:package2.NewTest@e45eb6]" name="f" duration-ms="6089" started-at="2017-01-27T16:35:21Z" finished-at="2017-01-27T16:35:27Z">
          <reporter-output>
          </reporter-output>
        </test-method> <!-- f -->
      </class> <!-- package2.NewTest -->
    </test> <!-- Default test -->
  </suite> <!-- Default suite -->
</testng-results>
